DateTime,CPU_Idle(%),Memory_Used(KB),Memory_Free(KB)
2024-09-10 23:25:55,82,7174092,36952
2024-09-10 23:25:57,89,7173852,36952
2024-09-10 23:25:59,89,7173852,36960
2024-09-10 23:26:01,90,7173852,36960
2024-09-10 23:26:03,89,7173600,36960
2024-09-10 23:26:05,89,7173348,36968
2024-09-10 23:26:07,90,7173096,36968
2024-09-10 23:26:09,85,7173352,36968
2024-09-10 23:26:11,89,7173356,36976
2024-09-10 23:26:13,87,7173356,36976
2024-09-10 23:26:15,88,7173132,36984
2024-09-10 23:26:18,85,7173132,36984
2024-09-10 23:26:20,89,7173392,36984
2024-09-10 23:26:22,89,7173556,36992
2024-09-10 23:26:24,89,7173904,36992
2024-09-10 23:26:26,91,7174408,37000
2024-09-10 23:26:28,89,7174408,37000
2024-09-10 23:26:30,90,7174808,37008
2024-09-10 23:26:32,88,7175416,37008
2024-09-10 23:26:34,89,7175860,37008
2024-09-10 23:26:36,87,7176172,37016
2024-09-10 23:26:38,88,7176424,37016
2024-09-10 23:26:40,89,7176452,37016
2024-09-10 23:26:42,90,7176704,37024
2024-09-10 23:26:44,88,7176956,37024
2024-09-10 23:26:46,89,7177208,37032
2024-09-10 23:26:48,88,7177208,37032
2024-09-10 23:26:50,89,7177208,37032
2024-09-10 23:26:52,88,7176956,37040
2024-09-10 23:26:54,87,7177012,37040
2024-09-10 23:26:56,89,7177516,37048
2024-09-10 23:26:58,90,7177768,37048
2024-09-10 23:27:00,88,7177796,37048
2024-09-10 23:27:02,90,7177544,37056
2024-09-10 23:27:04,89,7177292,37056
2024-09-10 23:27:06,89,7177544,37064
2024-09-10 23:27:08,89,7177796,37064
2024-09-10 23:27:10,89,7177796,37064
2024-09-10 23:27:12,89,7177796,37072
2024-09-10 23:27:14,90,7177544,37072
2024-09-10 23:27:16,90,7177320,37072
2024-09-10 23:27:18,89,7177572,37080
2024-09-10 23:27:20,88,7177096,37080
2024-09-10 23:27:22,89,7177096,37088
2024-09-10 23:27:25,89,7176844,37088
2024-09-10 23:27:27,89,7176340,37088
2024-09-10 23:27:29,90,7176340,37096
2024-09-10 23:27:31,91,7176340,37096
2024-09-10 23:27:33,89,7176088,37104
2024-09-10 23:27:35,87,7176088,37104
2024-09-10 23:27:37,89,7176368,37104
2024-09-10 23:27:39,87,7176116,37112
2024-09-10 23:27:41,90,7176116,37112
2024-09-10 23:27:43,87,7176116,37120
2024-09-10 23:27:45,85,7175864,37120
2024-09-10 23:27:47,88,7175612,37120
2024-09-10 23:27:49,88,7176012,37128
2024-09-10 23:27:51,88,7176516,37128
2024-09-10 23:27:53,88,7176872,37128
2024-09-10 23:27:55,86,7176620,37136
2024-09-10 23:27:57,89,7176368,37136
2024-09-10 23:27:59,89,7176368,37136
2024-09-10 23:28:01,89,7176368,37144
2024-09-10 23:28:03,88,7176116,37144
2024-09-10 23:28:05,89,7176368,37152
2024-09-10 23:28:07,90,7176620,37152
2024-09-10 23:28:09,88,7176872,37152
2024-09-10 23:28:11,89,7177124,37160
2024-09-10 23:28:13,90,7177376,37160
2024-09-10 23:28:15,88,7177376,37168
2024-09-10 23:28:17,88,7177124,37168
2024-09-10 23:28:19,90,7176872,37168
2024-09-10 23:28:21,90,7177124,37176
2024-09-10 23:28:23,90,7177124,37176
2024-09-10 23:28:25,88,7177124,37184
2024-09-10 23:28:27,89,7177376,37184
2024-09-10 23:28:30,88,7177376,37184
2024-09-10 23:28:32,91,7177376,37192
2024-09-10 23:28:34,89,7177124,37192
2024-09-10 23:28:36,90,7177404,37200
2024-09-10 23:28:38,88,7177404,37200
2024-09-10 23:28:40,87,7177404,37200
2024-09-10 23:28:42,90,7177404,37208
2024-09-10 23:28:44,87,7177152,37208
2024-09-10 23:28:46,87,7176900,37216
2024-09-10 23:28:48,89,7176900,37216
2024-09-10 23:28:50,90,7176900,37216
2024-09-10 23:28:52,89,7177404,37224
2024-09-10 23:28:54,88,7177908,37224
2024-09-10 23:28:56,89,7178160,37224
2024-09-10 23:28:58,89,7178412,37232
2024-09-10 23:29:00,89,7178664,37232
2024-09-10 23:29:02,89,7178916,37240
2024-09-10 23:29:04,89,7178916,37240
2024-09-10 23:29:06,89,7178916,37240
2024-09-10 23:29:08,89,7178664,37248
2024-09-10 23:29:10,88,7178412,37248
2024-09-10 23:29:12,89,7178160,37256
2024-09-10 23:29:14,89,7178160,37256
2024-09-10 23:29:16,89,7178160,37256
2024-09-10 23:29:18,89,7177908,37264
2024-09-10 23:29:20,89,7178160,37264
2024-09-10 23:29:22,88,7178160,37272
2024-09-10 23:29:24,88,7178160,37272
2024-09-10 23:29:26,89,7177908,37272
2024-09-10 23:29:28,88,7177908,37280
2024-09-10 23:29:30,88,7177908,37280
2024-09-10 23:29:32,89,7177908,37280
2024-09-10 23:29:35,90,7177908,37288
2024-09-10 23:29:37,82,7177684,37288
2024-09-10 23:29:39,90,7177432,37296
2024-09-10 23:29:41,88,7177180,37296
2024-09-10 23:29:43,89,7176928,37296
2024-09-10 23:29:45,88,7176928,37304
2024-09-10 23:29:47,89,7176928,37304
2024-09-10 23:29:49,88,7176928,37304
2024-09-10 23:29:51,88,7177432,37312
2024-09-10 23:29:53,89,7177432,37312
2024-09-10 23:29:55,90,7177936,37320
2024-09-10 23:29:57,88,7177936,37320
2024-09-10 23:29:59,89,7177936,37320
2024-09-10 23:30:01,90,7177936,37336
2024-09-10 23:30:03,85,7177580,37336
2024-09-10 23:30:05,89,7177688,37336
2024-09-10 23:30:07,85,7177688,37344
2024-09-10 23:30:09,89,7177940,37344
2024-09-10 23:30:11,88,7178444,37352
2024-09-10 23:30:13,88,7178444,37352
2024-09-10 23:30:15,90,7178696,37352
2024-09-10 23:30:17,89,7178444,37360
2024-09-10 23:30:19,89,7178444,37360
2024-09-10 23:30:21,90,7178696,37360
2024-09-10 23:30:23,89,7178948,37368
2024-09-10 23:30:25,89,7179200,37368
2024-09-10 23:30:27,89,7179228,37376
2024-09-10 23:30:29,88,7179480,37376
2024-09-10 23:30:31,88,7183764,37392
2024-09-10 23:30:33,88,7183512,37392
2024-09-10 23:30:35,89,7183512,37400
2024-09-10 23:30:37,84,7184016,37400
2024-09-10 23:30:40,89,7183764,37400
2024-09-10 23:30:42,88,7183764,37408
2024-09-10 23:30:44,89,7183764,37408
2024-09-10 23:30:46,84,7183512,37416
2024-09-10 23:30:48,88,7183260,37416
2024-09-10 23:30:50,89,7182904,37416
2024-09-10 23:30:52,87,7183008,37424
2024-09-10 23:30:54,88,7183260,37424
2024-09-10 23:30:56,87,7183008,37432
2024-09-10 23:30:58,87,7183156,37432
2024-09-10 23:31:00,90,7183512,37432
2024-09-10 23:31:02,87,7183512,37440
2024-09-10 23:31:04,90,7183260,37440
2024-09-10 23:31:06,90,7183008,37448
2024-09-10 23:31:08,89,7182756,37448
2024-09-10 23:31:10,89,7182504,37448
2024-09-10 23:31:12,89,7182504,37456
2024-09-10 23:31:14,89,7183008,37456
2024-09-10 23:31:16,89,7183008,37464
2024-09-10 23:31:18,89,7182756,37464
2024-09-10 23:31:20,89,7182504,37464
2024-09-10 23:31:22,89,7182252,37472
2024-09-10 23:31:24,89,7182000,37472
2024-09-10 23:31:26,89,7181748,37472
2024-09-10 23:31:28,89,7182000,37480
2024-09-10 23:31:30,88,7182504,37480
2024-09-10 23:31:32,90,7181748,37488
2024-09-10 23:31:34,90,7181244,37488
2024-09-10 23:31:36,90,7180768,37488
2024-09-10 23:31:38,90,7180516,37496
2024-09-10 23:31:40,90,7180516,37496
2024-09-10 23:31:42,90,7180544,37504
2024-09-10 23:31:44,90,7180544,37504
2024-09-10 23:31:46,92,7180320,37504
2024-09-10 23:31:49,89,7180068,37512
2024-09-10 23:31:51,89,7180320,37512
2024-09-10 23:31:53,89,7180068,37520
2024-09-10 23:31:55,88,7180068,37520
2024-09-10 23:31:57,91,7179816,37520
2024-09-10 23:31:59,89,7179816,37528
2024-09-10 23:32:01,89,7179816,37528
2024-09-10 23:32:03,90,7180068,37528
2024-09-10 23:32:05,90,7180068,37536
2024-09-10 23:32:07,90,7180320,37536
2024-09-10 23:32:09,87,7180068,37544
2024-09-10 23:32:11,89,7180068,37544
2024-09-10 23:32:13,90,7180572,37544
2024-09-10 23:32:15,85,7181580,37552
2024-09-10 23:32:17,89,7181104,37552
2024-09-10 23:32:19,89,7181104,37560
2024-09-10 23:32:21,90,7181104,37560
2024-09-10 23:32:23,88,7181104,37560
2024-09-10 23:32:25,90,7181356,37568
2024-09-10 23:32:27,89,7181132,37568
2024-09-10 23:32:29,90,7180880,37576
2024-09-10 23:32:31,90,7181132,37576
2024-09-10 23:32:33,89,7181636,37576
2024-09-10 23:32:35,90,7181636,37584
2024-09-10 23:32:37,89,7181384,37584
2024-09-10 23:32:39,88,7181384,37584
2024-09-10 23:32:41,89,7181636,37592
2024-09-10 23:32:43,90,7181384,37592
2024-09-10 23:32:45,86,7181132,37600
2024-09-10 23:32:47,90,7181132,37600
2024-09-10 23:32:49,85,7180880,37600
2024-09-10 23:32:51,90,7181132,37608
2024-09-10 23:32:53,88,7181888,37608
2024-09-10 23:32:56,90,7181888,37616
2024-09-10 23:32:58,90,7181888,37616
2024-09-10 23:33:00,89,7181636,37616
2024-09-10 23:33:02,90,7181636,37624
2024-09-10 23:33:04,89,7181636,37624
2024-09-10 23:33:06,88,7181132,37624
2024-09-10 23:33:08,89,7180880,37632
2024-09-10 23:33:10,90,7180628,37632
2024-09-10 23:33:12,90,7180628,37640
2024-09-10 23:33:14,87,7180628,37640
2024-09-10 23:33:16,89,7180628,37640
2024-09-10 23:33:18,90,7180628,37648
2024-09-10 23:33:20,90,7180376,37648
2024-09-10 23:33:22,88,7180376,37656
2024-09-10 23:33:24,86,7180124,37656
2024-09-10 23:33:26,89,7180124,37656
2024-09-10 23:33:28,89,7180376,37664
2024-09-10 23:33:30,89,7180628,37664
2024-09-10 23:33:32,90,7180628,37664
2024-09-10 23:33:34,89,7180628,37672
2024-09-10 23:33:36,88,7181132,37672
2024-09-10 23:33:38,89,7180908,37672
2024-09-10 23:33:40,89,7180908,37680
2024-09-10 23:33:42,89,7181160,37680
2024-09-10 23:33:44,89,7180656,37688
2024-09-10 23:33:46,88,7180656,37688
2024-09-10 23:33:48,89,7180152,37688
2024-09-10 23:33:50,90,7180432,37696
2024-09-10 23:33:52,90,7180432,37696
2024-09-10 23:33:54,88,7180712,37704
2024-09-10 23:33:56,88,7180876,37704
2024-09-10 23:33:58,90,7180992,37704
2024-09-10 23:34:01,85,7181020,37712
2024-09-10 23:34:03,83,7181020,37712
2024-09-10 23:34:05,89,7181020,37720
2024-09-10 23:34:07,89,7181020,37720
2024-09-10 23:34:09,84,7181168,37720
2024-09-10 23:34:11,87,7181300,37728
2024-09-10 23:34:13,91,7181048,37728
2024-09-10 23:34:15,90,7181048,37728
2024-09-10 23:34:17,90,7180824,37736
2024-09-10 23:34:19,88,7180824,37736
2024-09-10 23:34:21,86,7180824,37744
2024-09-10 23:34:23,88,7180824,37744
2024-09-10 23:34:25,89,7180824,37744
2024-09-10 23:34:27,89,7180824,37752
2024-09-10 23:34:29,89,7180320,37752
2024-09-10 23:34:31,89,7180068,37760
2024-09-10 23:34:33,89,7180068,37760
2024-09-10 23:34:35,89,7180068,37760
2024-09-10 23:34:37,89,7180068,37768
2024-09-10 23:34:39,89,7179816,37768
2024-09-10 23:34:41,89,7179816,37776
2024-09-10 23:34:43,88,7179816,37776
2024-09-10 23:34:45,89,7179816,37776
2024-09-10 23:34:47,89,7179816,37784
2024-09-10 23:34:49,89,7179816,37784
2024-09-10 23:34:51,88,7179816,37792
2024-09-10 23:34:53,86,7179816,37792
2024-09-10 23:34:55,89,7179816,37792
2024-09-10 23:34:57,85,7179816,37800
2024-09-10 23:34:59,90,7179816,37800
2024-09-10 23:35:01,90,7179816,37808
2024-09-10 23:35:03,90,7179816,37808
2024-09-10 23:35:06,86,7179816,37808
2024-09-10 23:35:08,86,7179816,37816
2024-09-10 23:35:10,88,7179816,37816
2024-09-10 23:35:12,83,7179816,37824
2024-09-10 23:35:14,88,7179816,37824
2024-09-10 23:35:16,89,7179816,37824
2024-09-10 23:35:18,90,7179816,37832
2024-09-10 23:35:20,88,7179816,37832
2024-09-10 23:35:22,91,7179816,37840
2024-09-10 23:35:24,89,7179816,37840
2024-09-10 23:35:26,88,7179816,37840
2024-09-10 23:35:28,88,7179340,37848
2024-09-10 23:35:30,88,7179340,37848
2024-09-10 23:35:32,89,7179340,37856
2024-09-10 23:35:34,89,7179340,37856
2024-09-10 23:35:36,89,7179340,37864
2024-09-10 23:35:38,89,7179340,37864
2024-09-10 23:35:40,89,7179340,37864
2024-09-10 23:35:42,88,7179340,37872
2024-09-10 23:35:44,86,7179340,37872
2024-09-10 23:35:46,89,7179340,37872
2024-09-10 23:35:48,89,7179340,37880
2024-09-10 23:35:50,89,7179340,37880
2024-09-10 23:35:52,89,7179340,37888
2024-09-10 23:35:54,89,7179340,37888
2024-09-10 23:35:56,89,7179340,37888
2024-09-10 23:35:58,88,7179088,37896
2024-09-10 23:36:00,88,7178836,37896
2024-09-10 23:36:02,87,7178836,37904
2024-09-10 23:36:04,89,7178836,37904
2024-09-10 23:36:06,91,7178836,37904
2024-09-10 23:36:09,86,7178584,37912
2024-09-10 23:36:11,89,7178332,37912
2024-09-10 23:36:13,89,7178332,37920
2024-09-10 23:36:15,88,7178332,37920
2024-09-10 23:36:17,89,7178080,37920
2024-09-10 23:36:19,88,7178584,37928
2024-09-10 23:36:21,91,7178332,37928
2024-09-10 23:36:23,89,7178584,37928
2024-09-10 23:36:25,88,7179088,37936
2024-09-10 23:36:27,88,7179088,37936
2024-09-10 23:36:29,88,7179088,37944
2024-09-10 23:36:31,89,7179088,37944
2024-09-10 23:36:33,89,7179088,37944
2024-09-10 23:36:35,90,7179088,37952
2024-09-10 23:36:37,87,7179116,37952
2024-09-10 23:36:39,83,7178864,37960
2024-09-10 23:36:41,89,7178864,37960
2024-09-10 23:36:43,86,7178864,37960
2024-09-10 23:36:45,89,7179368,37968
2024-09-10 23:36:47,86,7179620,37968
2024-09-10 23:36:49,90,7179872,37968
2024-09-10 23:36:51,89,7179620,37976
2024-09-10 23:36:53,90,7179368,37976
2024-09-10 23:36:55,89,7179368,37984
2024-09-10 23:36:57,89,7179368,37984
2024-09-10 23:36:59,90,7179116,37984
2024-09-10 23:37:01,89,7178864,37992
2024-09-10 23:37:03,89,7178864,37992
2024-09-10 23:37:05,88,7178864,38004
2024-09-10 23:37:07,89,7178864,38004
2024-09-10 23:37:09,90,7178864,38004
2024-09-10 23:37:11,88,7178612,38012
2024-09-10 23:37:14,90,7178612,38012
2024-09-10 23:37:16,90,7178612,38020
2024-09-10 23:37:18,88,7178612,38020
2024-09-10 23:37:20,88,7178612,38020
2024-09-10 23:37:22,88,7178612,38028
2024-09-10 23:37:24,87,7178612,38028
2024-09-10 23:37:26,91,7178612,38028
2024-09-10 23:37:28,89,7178864,38036
2024-09-10 23:37:30,90,7179620,38036
2024-09-10 23:37:32,88,7179620,38048
2024-09-10 23:37:34,89,7179620,38048
2024-09-10 23:37:36,89,7179396,38048
2024-09-10 23:37:38,88,7179648,38056
2024-09-10 23:37:40,89,7179900,38056
2024-09-10 23:37:42,88,7179900,38056
2024-09-10 23:37:44,90,7180152,38064
2024-09-10 23:37:46,88,7180152,38064
2024-09-10 23:37:48,89,7180152,38064
2024-09-10 23:37:50,89,7180404,38072
2024-09-10 23:37:52,89,7180656,38072
2024-09-10 23:37:54,89,7180908,38080
2024-09-10 23:37:56,90,7181412,38080
2024-09-10 23:37:58,89,7181412,38080
2024-09-10 23:38:00,90,7181160,38088
2024-09-10 23:38:02,89,7181160,38088
2024-09-10 23:38:04,90,7181664,38096
2024-09-10 23:38:06,89,7181664,38096
2024-09-10 23:38:08,89,7181412,38096
2024-09-10 23:38:10,90,7181412,38104
2024-09-10 23:38:12,91,7181916,38104
2024-09-10 23:38:14,90,7182420,38112
2024-09-10 23:38:17,90,7182420,38112
2024-09-10 23:38:19,88,7182420,38112
2024-09-10 23:38:21,88,7182420,38120
2024-09-10 23:38:23,90,7182420,38120
2024-09-10 23:38:25,90,7182672,38128
2024-09-10 23:38:27,89,7182672,38128
2024-09-10 23:38:29,89,7182672,38128
2024-09-10 23:38:31,89,7182672,38136
2024-09-10 23:38:33,90,7182672,38136
2024-09-10 23:38:35,89,7182420,38144
2024-09-10 23:38:37,87,7182420,38144
2024-09-10 23:38:39,89,7182672,38144
2024-09-10 23:38:41,91,7182672,38152
2024-09-10 23:38:43,89,7182672,38152
2024-09-10 23:38:45,88,7182420,38152
2024-09-10 23:38:47,89,7182196,38160
2024-09-10 23:38:49,88,7182196,38160
2024-09-10 23:38:51,88,7182196,38168
2024-09-10 23:38:53,89,7182448,38168
2024-09-10 23:38:55,90,7182448,38168
2024-09-10 23:38:57,90,7182596,38176
2024-09-10 23:38:59,89,7182196,38176
2024-09-10 23:39:01,89,7181944,38184
2024-09-10 23:39:03,89,7182448,38184
2024-09-10 23:39:05,90,7182448,38184
2024-09-10 23:39:07,89,7182448,38192
2024-09-10 23:39:09,89,7182952,38192
2024-09-10 23:39:11,88,7183204,38192
2024-09-10 23:39:13,89,7182952,38200
2024-09-10 23:39:15,91,7182952,38200
2024-09-10 23:39:17,87,7182700,38208
2024-09-10 23:39:19,90,7182952,38208
2024-09-10 23:39:21,87,7183204,38208
2024-09-10 23:39:24,87,7182952,38216
2024-09-10 23:39:26,84,7182700,38216
2024-09-10 23:39:28,86,7182700,38224
2024-09-10 23:39:30,86,7182700,38224
2024-09-10 23:39:32,88,7182700,38224
2024-09-10 23:39:34,89,7182700,38232
2024-09-10 23:39:36,85,7182196,38232
2024-09-10 23:39:38,89,7181944,38236
2024-09-10 23:39:40,87,7182952,38240
2024-09-10 23:39:42,89,7182952,38240
2024-09-10 23:39:44,89,7182448,38248
2024-09-10 23:39:46,89,7182700,38248
2024-09-10 23:39:48,89,7182952,38248
2024-09-10 23:39:50,89,7182952,38256
2024-09-10 23:39:52,89,7182952,38256
2024-09-10 23:39:54,89,7182952,38264
2024-09-10 23:39:56,89,7183204,38264
2024-09-10 23:39:58,89,7183232,38264
2024-09-10 23:40:00,88,7183232,38272
2024-09-10 23:40:02,89,7183232,38272
2024-09-10 23:40:04,87,7183484,38280
2024-09-10 23:40:06,87,7183736,38280
2024-09-10 23:40:08,89,7183736,38280
2024-09-10 23:40:10,88,7183988,38288
2024-09-10 23:40:12,88,7184492,38288
2024-09-10 23:40:14,88,7184492,38296
2024-09-10 23:40:16,89,7184240,38296
2024-09-10 23:40:18,89,7183988,38296
2024-09-10 23:40:20,85,7184240,38304
2024-09-10 23:40:22,89,7183736,38304
2024-09-10 23:40:24,91,7183736,38304
2024-09-10 23:40:27,91,7183484,38312
2024-09-10 23:40:29,89,7183988,38312
2024-09-10 23:40:31,90,7183988,38312
2024-09-10 23:40:33,89,7183988,38320
2024-09-10 23:40:35,89,7184240,38320
2024-09-10 23:40:37,88,7183736,38328
2024-09-10 23:40:39,89,7183484,38328
2024-09-10 23:40:41,87,7183484,38328
2024-09-10 23:40:43,90,7183232,38336
2024-09-10 23:40:45,91,7183232,38336
2024-09-10 23:40:47,89,7182980,38344
2024-09-10 23:40:49,88,7183232,38344
2024-09-10 23:40:51,86,7183232,38344
2024-09-10 23:40:53,89,7183484,38352
2024-09-10 23:40:55,84,7183736,38352
2024-09-10 23:40:57,88,7184492,38352
2024-09-10 23:40:59,90,7184744,38360
2024-09-10 23:41:01,89,7184744,38360
2024-09-10 23:41:03,86,7184744,38368
2024-09-10 23:41:05,86,7184492,38368
2024-09-10 23:41:07,88,7184016,38368
2024-09-10 23:41:09,89,7184016,38376
2024-09-10 23:41:11,89,7183764,38376
2024-09-10 23:41:13,89,7183512,38376
2024-09-10 23:41:15,89,7183764,38384
2024-09-10 23:41:17,88,7184016,38388
2024-09-10 23:41:19,88,7183764,38396
2024-09-10 23:41:21,88,7183764,38396
2024-09-10 23:41:23,89,7183764,38396
2024-09-10 23:41:25,88,7183764,38404
2024-09-10 23:41:27,89,7183764,38404
2024-09-10 23:41:29,83,7183764,38412
2024-09-10 23:41:32,88,7183764,38412
2024-09-10 23:41:34,88,7183764,38412
2024-09-10 23:41:36,88,7183764,38420
2024-09-10 23:41:38,90,7183764,38420
2024-09-10 23:41:40,90,7183512,38428
2024-09-10 23:41:42,90,7183260,38428
2024-09-10 23:41:44,87,7183260,38428
2024-09-10 23:41:46,87,7183260,38436
2024-09-10 23:41:48,88,7183260,38436
2024-09-10 23:41:50,91,7183260,38444
2024-09-10 23:41:52,89,7183260,38444
2024-09-10 23:41:54,88,7183260,38444
2024-09-10 23:41:56,89,7183260,38452
2024-09-10 23:41:58,89,7183260,38452
2024-09-10 23:42:00,89,7183260,38460
2024-09-10 23:42:02,88,7183764,38460
2024-09-10 23:42:04,89,7183764,38460
2024-09-10 23:42:06,90,7183764,38468
2024-09-10 23:42:08,89,7183764,38468
2024-09-10 23:42:10,88,7183764,38468
2024-09-10 23:42:12,88,7183764,38476
2024-09-10 23:42:14,88,7183764,38476
2024-09-10 23:42:16,89,7183540,38484
2024-09-10 23:42:18,89,7183540,38484
2024-09-10 23:42:20,89,7183792,38484
2024-09-10 23:42:22,90,7184044,38492
2024-09-10 23:42:24,85,7183792,38492
2024-09-10 23:42:26,90,7183540,38500
2024-09-10 23:42:28,89,7183540,38500
2024-09-10 23:42:30,90,7183540,38500
2024-09-10 23:42:32,86,7183540,38508
2024-09-10 23:42:34,92,7183540,38508
2024-09-10 23:42:36,86,7183540,38508
2024-09-10 23:42:39,91,7183540,38516
2024-09-10 23:42:41,89,7183540,38516
2024-09-10 23:42:43,89,7183540,38524
2024-09-10 23:42:45,90,7183540,38524
2024-09-10 23:42:47,90,7183540,38524
2024-09-10 23:42:49,90,7183540,38532
2024-09-10 23:42:51,92,7183792,38532
2024-09-10 23:42:53,86,7184044,38540
2024-09-10 23:42:55,89,7184044,38540
2024-09-10 23:42:57,88,7184044,38540
2024-09-10 23:42:59,88,7183792,38548
2024-09-10 23:43:01,88,7183792,38548
2024-09-10 23:43:03,86,7183792,38556
2024-09-10 23:43:05,90,7183792,38556
2024-09-10 23:43:07,90,7183792,38556
2024-09-10 23:43:09,89,7183792,38564
2024-09-10 23:43:11,90,7183540,38564
2024-09-10 23:43:13,89,7183540,38564
2024-09-10 23:43:15,90,7183540,38572
2024-09-10 23:43:17,89,7183036,38572
2024-09-10 23:43:19,89,7182784,38580
2024-09-10 23:43:21,89,7182532,38580
2024-09-10 23:43:23,87,7182532,38580
2024-09-10 23:43:25,89,7182532,38588
2024-09-10 23:43:27,86,7182056,38588
2024-09-10 23:43:29,89,7181804,38596
2024-09-10 23:43:31,90,7181804,38596
2024-09-10 23:43:33,90,7181804,38596
2024-09-10 23:43:35,90,7181804,38604
2024-09-10 23:43:37,83,7182056,38604
2024-09-10 23:43:39,90,7182056,38612
2024-09-10 23:43:41,88,7182056,38612
2024-09-10 23:43:44,90,7182056,38612
2024-09-10 23:43:46,90,7181804,38620
2024-09-10 23:43:48,91,7181552,38620
2024-09-10 23:43:50,89,7181300,38628
2024-09-10 23:43:52,89,7181300,38628
2024-09-10 23:43:54,89,7182056,38628
2024-09-10 23:43:56,86,7181300,38636
2024-09-10 23:43:58,91,7181048,38636
2024-09-10 23:44:00,89,7181048,38644
2024-09-10 23:44:02,90,7181048,38644
2024-09-10 23:44:04,88,7180796,38644
2024-09-10 23:44:06,88,7180796,38652
2024-09-10 23:44:08,89,7180796,38652
2024-09-10 23:44:10,89,7180796,38652
2024-09-10 23:44:12,90,7180796,38660
2024-09-10 23:44:14,89,7181300,38660
2024-09-10 23:44:16,89,7181300,38668
2024-09-10 23:44:18,89,7181048,38668
2024-09-10 23:44:20,89,7181048,38668
2024-09-10 23:44:22,88,7181048,38676
2024-09-10 23:44:24,89,7181048,38676
2024-09-10 23:44:26,89,7181804,38684
2024-09-10 23:44:28,90,7182056,38684
2024-09-10 23:44:30,90,7182308,38684
2024-09-10 23:44:32,89,7182056,38692
2024-09-10 23:44:34,89,7181552,38692
2024-09-10 23:44:36,90,7180824,38700
2024-09-10 23:44:38,90,7180824,38700
2024-09-10 23:44:40,88,7180824,38700
2024-09-10 23:44:42,90,7180824,38708
2024-09-10 23:44:44,90,7180972,38708
2024-09-10 23:44:46,92,7181328,38716
2024-09-10 23:44:49,90,7181832,38716
2024-09-10 23:44:51,89,7181328,38716
2024-09-10 23:44:53,89,7181328,38724
2024-09-10 23:44:55,89,7181592,38724
2024-09-10 23:44:57,83,7181592,38732
2024-09-10 23:44:59,87,7182348,38732
2024-09-10 23:45:01,84,7182748,38740
2024-09-10 23:45:03,84,7182852,38740
2024-09-10 23:45:05,87,7183356,38740
2024-09-10 23:45:07,89,7183356,38748
2024-09-10 23:45:09,87,7183356,38748
2024-09-10 23:45:11,87,7183104,38756
2024-09-10 23:45:13,89,7183104,38756
2024-09-10 23:45:15,90,7182852,38756
2024-09-10 23:45:17,89,7182852,38764
2024-09-10 23:45:19,88,7182600,38764
2024-09-10 23:45:21,89,7182600,38764
2024-09-10 23:45:23,89,7182600,38772
2024-09-10 23:45:25,89,7182348,38772
2024-09-10 23:45:27,88,7182628,38780
2024-09-10 23:45:29,89,7182628,38780
2024-09-10 23:45:31,89,7182880,38780
2024-09-10 23:45:33,88,7182880,38788
2024-09-10 23:45:35,86,7182628,38788
2024-09-10 23:45:37,88,7182376,38796
2024-09-10 23:45:39,88,7182376,38796
2024-09-10 23:45:41,88,7182376,38796
2024-09-10 23:45:43,88,7182124,38804
2024-09-10 23:45:45,86,7182628,38804
2024-09-10 23:45:47,91,7182880,38804
2024-09-10 23:45:49,87,7183132,38812
2024-09-10 23:45:51,90,7183888,38812
2024-09-10 23:45:54,90,7183888,38820
2024-09-10 23:45:56,89,7183636,38820
2024-09-10 23:45:58,88,7183636,38820
2024-09-10 23:46:00,90,7183636,38828
2024-09-10 23:46:02,89,7183384,38828
2024-09-10 23:46:04,89,7183132,38836
2024-09-10 23:46:06,90,7182880,38836
2024-09-10 23:46:08,89,7182628,38836
2024-09-10 23:46:10,90,7182376,38844
2024-09-10 23:46:12,89,7182376,38844
2024-09-10 23:46:14,89,7182376,38844
2024-09-10 23:46:16,89,7182376,38852
2024-09-10 23:46:18,89,7182376,38852
2024-09-10 23:46:20,88,7182376,38860
2024-09-10 23:46:22,89,7182376,38860
2024-09-10 23:46:24,88,7182376,38860
2024-09-10 23:46:26,89,7182124,38868
2024-09-10 23:46:28,88,7181872,38868
2024-09-10 23:46:30,87,7181872,38876
2024-09-10 23:46:32,89,7181872,38876
2024-09-10 23:46:34,89,7181900,38876
2024-09-10 23:46:36,89,7182180,38884
2024-09-10 23:46:38,89,7181704,38884
2024-09-10 23:46:40,88,7181452,38884
2024-09-10 23:46:42,87,7181452,38892
2024-09-10 23:46:44,89,7181452,38892
2024-09-10 23:46:46,88,7181452,38900
2024-09-10 23:46:48,86,7181452,38900
2024-09-10 23:46:50,89,7181452,38900
2024-09-10 23:46:52,89,7181452,38908
2024-09-10 23:46:54,86,7181452,38908
2024-09-10 23:46:56,90,7181452,38908
2024-09-10 23:46:59,88,7181452,38916
2024-09-10 23:47:01,89,7181956,38916
2024-09-10 23:47:03,89,7181956,38924
2024-09-10 23:47:05,93,7181956,38924
2024-09-10 23:47:07,88,7181704,38924
2024-09-10 23:47:09,88,7181704,38932
2024-09-10 23:47:11,90,7181704,38932
2024-09-10 23:47:13,91,7181452,38932
2024-09-10 23:47:15,88,7181452,38940
2024-09-10 23:47:17,89,7181452,38940
2024-09-10 23:47:19,88,7181704,38948
2024-09-10 23:47:21,89,7181704,38948
2024-09-10 23:47:23,88,7181704,38948
2024-09-10 23:47:25,89,7181704,38956
2024-09-10 23:47:27,90,7181956,38956
2024-09-10 23:47:29,90,7181704,38964
2024-09-10 23:47:31,88,7181704,38964
2024-09-10 23:47:33,89,7181200,38964
2024-09-10 23:47:35,90,7181200,38972
2024-09-10 23:47:37,90,7180976,38972
2024-09-10 23:47:39,90,7180976,38980
2024-09-10 23:47:41,89,7180472,38980
2024-09-10 23:47:43,89,7179464,38980
2024-09-10 23:47:45,89,7178960,38988
2024-09-10 23:47:47,89,7178960,38988
2024-09-10 23:47:49,89,7178960,38996
2024-09-10 23:47:51,89,7178960,38996
2024-09-10 23:47:53,90,7179212,38996
2024-09-10 23:47:55,89,7178708,39004
2024-09-10 23:47:57,89,7178204,39004
2024-09-10 23:47:59,88,7177448,39012
2024-09-10 23:48:01,87,7176944,39012
2024-09-10 23:48:03,90,7177196,39012
2024-09-10 23:48:06,90,7176944,39020
2024-09-10 23:48:08,90,7176692,39020
2024-09-10 23:48:10,89,7176944,39020
2024-09-10 23:48:12,88,7176692,39028
2024-09-10 23:48:14,90,7176692,39028
2024-09-10 23:48:16,91,7177224,39036
2024-09-10 23:48:18,86,7177224,39036
2024-09-10 23:48:20,88,7177728,39044
2024-09-10 23:48:22,92,7177728,39044
2024-09-10 23:48:24,87,7177728,39044
2024-09-10 23:48:26,90,7177728,39052
2024-09-10 23:48:28,89,7177980,39052
2024-09-10 23:48:30,88,7177728,39060
2024-09-10 23:48:32,89,7177728,39060
2024-09-10 23:48:34,87,7177728,39060
2024-09-10 23:48:36,89,7177476,39068
2024-09-10 23:48:38,87,7178232,39068
2024-09-10 23:48:40,89,7177980,39076
2024-09-10 23:48:42,88,7177980,39076
2024-09-10 23:48:44,90,7178008,39076
2024-09-10 23:48:46,90,7178764,39084
2024-09-10 23:48:48,90,7179772,39084
2024-09-10 23:48:50,89,7180172,39084
2024-09-10 23:48:52,89,7180276,39092
2024-09-10 23:48:54,89,7180276,39092
2024-09-10 23:48:56,90,7180528,39100
2024-09-10 23:48:58,90,7180528,39100
2024-09-10 23:49:00,89,7180528,39100
2024-09-10 23:49:02,88,7180024,39108
2024-09-10 23:49:04,89,7180024,39108
2024-09-10 23:49:06,90,7179520,39116
2024-09-10 23:49:08,89,7179268,39116
2024-09-10 23:49:10,87,7179016,39116
2024-09-10 23:49:13,88,7178764,39124
2024-09-10 23:49:15,89,7178764,39124
2024-09-10 23:49:17,89,7178764,39132
2024-09-10 23:49:19,88,7178764,39132
2024-09-10 23:49:21,89,7178764,39132
2024-09-10 23:49:23,89,7178512,39140
2024-09-10 23:49:25,90,7178260,39140
2024-09-10 23:49:27,91,7178260,39148
2024-09-10 23:49:29,89,7178260,39148
2024-09-10 23:49:31,89,7178260,39156
2024-09-10 23:49:33,89,7178260,39156
2024-09-10 23:49:35,89,7178260,39156
2024-09-10 23:49:37,90,7178260,39164
2024-09-10 23:49:39,89,7178260,39164
2024-09-10 23:49:41,89,7178260,39164
2024-09-10 23:49:43,89,7178260,39172
2024-09-10 23:49:45,90,7178036,39172
2024-09-10 23:49:47,89,7178036,39180
2024-09-10 23:49:49,86,7177784,39180
2024-09-10 23:49:51,90,7177784,39180
2024-09-10 23:49:53,89,7177784,39188
2024-09-10 23:49:55,88,7177784,39188
2024-09-10 23:49:57,89,7177784,39188
2024-09-10 23:49:59,90,7177784,39196
2024-09-10 23:50:01,89,7177784,39204
2024-09-10 23:50:03,85,7177784,39204
2024-09-10 23:50:05,90,7177784,39204
2024-09-10 23:50:07,90,7177784,39212
2024-09-10 23:50:09,87,7177784,39212
2024-09-10 23:50:11,90,7177784,39220
2024-09-10 23:50:13,89,7178036,39220
2024-09-10 23:50:15,89,7178036,39220
2024-09-10 23:50:18,89,7178540,39228
2024-09-10 23:50:20,89,7178792,39228
2024-09-10 23:50:22,89,7179296,39236
2024-09-10 23:50:24,90,7179296,39236
2024-09-10 23:50:26,89,7179800,39244
2024-09-10 23:50:28,88,7180052,39244
2024-09-10 23:50:30,89,7180304,39244
2024-09-10 23:50:32,85,7180304,39252
2024-09-10 23:50:34,86,7179800,39252
2024-09-10 23:50:36,86,7178940,39260
2024-09-10 23:50:38,89,7179044,39260
2024-09-10 23:50:40,89,7179044,39260
2024-09-10 23:50:42,89,7179296,39268
2024-09-10 23:50:44,89,7179072,39268
2024-09-10 23:50:46,89,7179072,39268
2024-09-10 23:50:48,89,7179072,39276
2024-09-10 23:50:50,88,7179072,39276
2024-09-10 23:50:52,88,7179072,39284
2024-09-10 23:50:54,89,7179072,39284
2024-09-10 23:50:56,88,7179072,39284
2024-09-10 23:50:58,88,7179072,39292
2024-09-10 23:51:00,89,7179072,39292
2024-09-10 23:51:02,88,7179072,39292
2024-09-10 23:51:04,87,7179072,39300
2024-09-10 23:51:06,89,7179072,39300
2024-09-10 23:51:08,88,7179072,39308
2024-09-10 23:51:10,88,7179072,39308
2024-09-10 23:51:12,90,7179072,39308
2024-09-10 23:51:14,89,7179072,39316
2024-09-10 23:51:16,89,7179072,39316
2024-09-10 23:51:18,90,7179072,39324
2024-09-10 23:51:20,89,7179072,39324
2024-09-10 23:51:22,89,7179072,39332
2024-09-10 23:51:25,89,7179072,39332
2024-09-10 23:51:27,89,7179828,39332
2024-09-10 23:51:29,89,7179828,39340
2024-09-10 23:51:31,89,7179828,39340
2024-09-10 23:51:33,90,7179828,39348
2024-09-10 23:51:35,91,7179828,39348
2024-09-10 23:51:37,87,7179828,39348
2024-09-10 23:51:39,89,7179604,39356
2024-09-10 23:51:41,89,7179604,39356
2024-09-10 23:51:43,86,7179604,39364
2024-09-10 23:51:45,89,7179856,39364
2024-09-10 23:51:47,88,7179856,39364
2024-09-10 23:51:49,89,7179856,39372
2024-09-10 23:51:51,89,7180108,39372
2024-09-10 23:51:53,89,7180108,39372
2024-09-10 23:51:55,87,7180612,39380
2024-09-10 23:51:57,86,7180612,39380
2024-09-10 23:51:59,88,7180612,39388
2024-09-10 23:52:01,88,7180612,39388
2024-09-10 23:52:03,90,7180612,39388
2024-09-10 23:52:05,89,7180612,39396
2024-09-10 23:52:07,89,7180612,39396
2024-09-10 23:52:09,89,7180612,39404
2024-09-10 23:52:11,86,7180612,39404
2024-09-10 23:52:13,88,7180360,39404
2024-09-10 23:52:15,88,7180360,39412
2024-09-10 23:52:17,89,7180612,39412
2024-09-10 23:52:19,89,7180612,39420
2024-09-10 23:52:21,89,7180612,39420
2024-09-10 23:52:23,89,7180612,39420
2024-09-10 23:52:25,84,7180612,39428
2024-09-10 23:52:27,86,7180612,39428
2024-09-10 23:52:29,89,7181116,39428
2024-09-10 23:52:32,87,7180864,39436
2024-09-10 23:52:34,85,7180612,39436
2024-09-10 23:52:36,88,7180612,39444
2024-09-10 23:52:38,90,7180612,39444
2024-09-10 23:52:40,87,7180612,39444
2024-09-10 23:52:42,89,7180612,39452
2024-09-10 23:52:44,91,7180612,39452
2024-09-10 23:52:46,88,7180612,39460
2024-09-10 23:52:48,89,7180612,39460
2024-09-10 23:52:50,88,7180612,39460
2024-09-10 23:52:52,89,7180612,39468
2024-09-10 23:52:54,88,7180864,39468
2024-09-10 23:52:56,89,7180864,39468
2024-09-10 23:52:58,89,7181012,39476
2024-09-10 23:53:00,89,7181116,39476
2024-09-10 23:53:02,88,7181116,39484
2024-09-10 23:53:04,88,7181116,39484
2024-09-10 23:53:06,88,7181116,39484
2024-09-10 23:53:08,89,7180864,39492
2024-09-10 23:53:10,89,7180864,39492
2024-09-10 23:53:12,90,7180864,39500
2024-09-10 23:53:14,88,7180864,39500
2024-09-10 23:53:16,88,7181620,39500
2024-09-10 23:53:18,89,7181872,39508
2024-09-10 23:53:20,89,7182124,39508
2024-09-10 23:53:22,89,7182124,39508
2024-09-10 23:53:24,88,7182124,39516
2024-09-10 23:53:26,90,7182124,39516
2024-09-10 23:53:28,89,7181872,39524
2024-09-10 23:53:30,90,7181872,39524
2024-09-10 23:53:32,90,7181872,39524
2024-09-10 23:53:34,89,7181872,39532
2024-09-10 23:53:37,82,7181872,39532
2024-09-10 23:53:39,89,7181872,39540
2024-09-10 23:53:41,90,7181872,39540
2024-09-10 23:53:43,91,7181872,39540
2024-09-10 23:53:45,91,7181872,39548
2024-09-10 23:53:47,85,7182124,39548
2024-09-10 23:53:49,87,7182124,39556
2024-09-10 23:53:51,88,7182376,39556
2024-09-10 23:53:53,92,7183132,39556
2024-09-10 23:53:55,88,7183132,39564
2024-09-10 23:53:57,89,7183384,39564
2024-09-10 23:53:59,89,7183144,39564
2024-09-10 23:54:01,89,7183144,39572
2024-09-10 23:54:03,85,7183144,39572
2024-09-10 23:54:05,89,7183144,39580
2024-09-10 23:54:07,89,7183144,39580
2024-09-10 23:54:09,89,7182892,39580
2024-09-10 23:54:11,89,7182892,39588
2024-09-10 23:54:13,90,7182892,39588
2024-09-10 23:54:15,89,7182892,39596
2024-09-10 23:54:17,90,7182892,39596
2024-09-10 23:54:19,89,7182892,39596
2024-09-10 23:54:21,88,7183144,39604
2024-09-10 23:54:23,89,7183648,39604
2024-09-10 23:54:25,88,7183648,39612
2024-09-10 23:54:27,89,7183396,39612
2024-09-10 23:54:29,89,7183648,39612
2024-09-10 23:54:31,90,7183648,39620
2024-09-10 23:54:33,88,7183144,39620
2024-09-10 23:54:35,90,7182892,39628
2024-09-10 23:54:37,86,7182640,39628
2024-09-10 23:54:39,91,7182388,39628
2024-09-10 23:54:42,85,7182388,39636
2024-09-10 23:54:44,90,7182136,39636
2024-09-10 23:54:46,88,7181884,39636
2024-09-10 23:54:48,90,7181632,39644
2024-09-10 23:54:50,89,7181884,39644
2024-09-10 23:54:52,89,7182388,39644
2024-09-10 23:54:54,91,7182640,39652
2024-09-10 23:54:56,90,7183292,39652
2024-09-10 23:54:58,90,7183648,39660
2024-09-10 23:55:00,90,7183900,39660
2024-09-10 23:55:02,90,7185160,39668
2024-09-10 23:55:04,88,7184908,39668
2024-09-10 23:55:06,89,7184656,39676
2024-09-10 23:55:08,89,7184908,39676
2024-09-10 23:55:10,89,7184404,39676
2024-09-10 23:55:12,86,7183900,39684
2024-09-10 23:55:14,90,7183648,39684
2024-09-10 23:55:16,89,7183648,39692
2024-09-10 23:55:18,89,7183144,39692
2024-09-10 23:55:20,90,7183396,39692
2024-09-10 23:55:22,89,7183144,39700
2024-09-10 23:55:24,86,7182536,39700
2024-09-10 23:55:26,89,7182892,39700
2024-09-10 23:55:28,90,7183144,39708
2024-09-10 23:55:30,90,7182892,39708
2024-09-10 23:55:32,89,7182892,39716
2024-09-10 23:55:34,90,7182640,39716
2024-09-10 23:55:36,89,7182388,39716
2024-09-10 23:55:38,90,7182640,39724
2024-09-10 23:55:40,87,7182640,39724
2024-09-10 23:55:42,87,7182640,39724
2024-09-10 23:55:44,90,7182388,39732
2024-09-10 23:55:47,87,7182640,39732
2024-09-10 23:55:49,89,7182892,39740
2024-09-10 23:55:51,88,7183144,39740
2024-09-10 23:55:53,89,7183144,39748
2024-09-10 23:55:55,89,7182640,39748
2024-09-10 23:55:57,85,7182640,39748
2024-09-10 23:55:59,88,7182640,39756
2024-09-10 23:56:01,88,7182640,39756
2024-09-10 23:56:03,88,7182388,39764
2024-09-10 23:56:05,90,7182136,39764
2024-09-10 23:56:07,85,7182136,39764
2024-09-10 23:56:09,87,7181884,39772
2024-09-10 23:56:11,84,7181884,39772
2024-09-10 23:56:13,89,7181884,39772
2024-09-10 23:56:15,89,7181884,39780
2024-09-10 23:56:17,89,7181884,39780
2024-09-10 23:56:19,86,7181884,39788
2024-09-10 23:56:21,89,7181884,39788
2024-09-10 23:56:23,89,7181884,39788
2024-09-10 23:56:25,89,7181884,39796
2024-09-10 23:56:27,89,7181884,39796
2024-09-10 23:56:29,89,7181884,39804
2024-09-10 23:56:31,89,7181632,39804
2024-09-10 23:56:33,88,7181380,39804
2024-09-10 23:56:35,89,7181128,39812
2024-09-10 23:56:37,88,7181128,39812
2024-09-10 23:56:39,89,7181128,39820
2024-09-10 23:56:41,89,7181128,39820
2024-09-10 23:56:43,88,7180876,39820
2024-09-10 23:56:45,87,7180372,39828
2024-09-10 23:56:47,87,7180372,39828
2024-09-10 23:56:49,89,7180120,39828
2024-09-10 23:56:52,88,7180120,39836
2024-09-10 23:56:54,89,7180120,39836
2024-09-10 23:56:56,87,7180120,39844
2024-09-10 23:56:58,89,7180120,39844
2024-09-10 23:57:00,91,7180120,39844
2024-09-10 23:57:02,91,7180120,39852
2024-09-10 23:57:04,90,7180120,39852
2024-09-10 23:57:06,89,7180120,39860
2024-09-10 23:57:08,87,7180120,39860
2024-09-10 23:57:10,88,7180120,39860
2024-09-10 23:57:12,89,7180120,39868
2024-09-10 23:57:14,88,7180120,39868
2024-09-10 23:57:16,89,7180120,39876
2024-09-10 23:57:18,87,7179868,39876
2024-09-10 23:57:20,88,7179616,39876
2024-09-10 23:57:22,89,7179616,39884
2024-09-10 23:57:24,89,7179112,39884
2024-09-10 23:57:26,89,7179112,39884
2024-09-10 23:57:28,85,7178860,39892
2024-09-10 23:57:30,89,7178608,39892
2024-09-10 23:57:32,88,7178356,39900
2024-09-10 23:57:34,88,7178356,39900
2024-09-10 23:57:36,89,7178356,39900
2024-09-10 23:57:38,89,7178356,39908
2024-09-10 23:57:40,87,7178356,39908
2024-09-10 23:57:42,89,7178356,39916
2024-09-10 23:57:44,89,7178356,39916
2024-09-10 23:57:46,88,7178356,39916
2024-09-10 23:57:48,89,7178356,39924
2024-09-10 23:57:50,87,7178104,39924
2024-09-10 23:57:52,90,7178104,39924
2024-09-10 23:57:55,88,7178104,39932
2024-09-10 23:57:57,89,7177852,39932
2024-09-10 23:57:59,90,7177600,39940
2024-09-10 23:58:01,93,7177600,39940
2024-09-10 23:58:03,88,7177600,39940
2024-09-10 23:58:05,91,7177348,39948
2024-09-10 23:58:07,90,7177348,39948
2024-09-10 23:58:09,87,7177348,39956
2024-09-10 23:58:11,87,7177096,39956
2024-09-10 23:58:13,89,7177096,39956
2024-09-10 23:58:15,87,7177096,39964
2024-09-10 23:58:17,88,7177096,39964
2024-09-10 23:58:19,89,7177096,39964
2024-09-10 23:58:21,89,7177096,39972
2024-09-10 23:58:23,89,7176844,39972
2024-09-10 23:58:25,89,7176844,39980
2024-09-10 23:58:27,89,7176592,39980
2024-09-10 23:58:29,89,7176592,39980
2024-09-10 23:58:31,89,7176592,39988
2024-09-10 23:58:33,89,7176592,39988
2024-09-10 23:58:35,87,7176844,39996
2024-09-10 23:58:37,89,7177096,39996
2024-09-10 23:58:39,86,7177096,39996
2024-09-10 23:58:41,86,7177348,40004
2024-09-10 23:58:43,89,7177096,40004
2024-09-10 23:58:45,89,7177096,40012
2024-09-10 23:58:47,85,7176844,40012
2024-09-10 23:58:49,89,7176592,40012
2024-09-10 23:58:51,89,7176340,40020
2024-09-10 23:58:53,88,7176340,40020
2024-09-10 23:58:55,89,7176340,40020
2024-09-10 23:58:57,90,7176088,40028
2024-09-10 23:58:59,91,7176088,40028
2024-09-10 23:59:02,90,7175836,40036
2024-09-10 23:59:04,91,7175836,40036
2024-09-10 23:59:06,89,7175836,40036
2024-09-10 23:59:08,89,7175836,40044
2024-09-10 23:59:10,90,7175836,40044
2024-09-10 23:59:12,87,7176088,40052
2024-09-10 23:59:14,91,7177096,40052
2024-09-10 23:59:16,89,7176992,40052
2024-09-10 23:59:18,88,7177244,40060
2024-09-10 23:59:20,89,7177600,40060
2024-09-10 23:59:22,92,7177600,40068
2024-09-10 23:59:24,89,7177852,40068
2024-09-10 23:59:26,90,7178356,40068
2024-09-10 23:59:28,89,7178356,40076
2024-09-10 23:59:30,88,7178356,40076
2024-09-10 23:59:32,89,7178608,40084
2024-09-10 23:59:34,89,7178608,40084
2024-09-10 23:59:36,90,7178608,40084
2024-09-10 23:59:38,86,7178356,40092
2024-09-10 23:59:40,89,7178104,40092
2024-09-10 23:59:42,89,7177600,40092
2024-09-10 23:59:44,89,7177348,40100
